<?xml version="1.0" encoding="UTF-8"?>
<testng-results ignored="0" total="4" passed="3" failed="1" skipped="0">
  <reporter-output>
  </reporter-output>
  <suite started-at="2021-08-22T17:15:52 IST" name="Suite" finished-at="2021-08-22T17:17:39 IST" duration-ms="107566">
    <groups>
    </groups>
    <test started-at="2021-08-22T17:15:52 IST" name="Validate NavBar" finished-at="2021-08-22T17:17:24 IST" duration-ms="91997">
      <class name="E2EProject.ValidatingNavBar">
        <test-method is-config="true" signature="initialization()[pri:0, instance:E2EProject.ValidatingNavBar@5cbe877d]" started-at="2021-08-22T17:15:52 IST" name="initialization" finished-at="2021-08-22T17:17:21 IST" duration-ms="89192" status="PASS">
          <reporter-output>
          </reporter-output>
        </test-method> <!-- initialization -->
        <test-method signature="validateNavBar()[pri:0, instance:E2EProject.ValidatingNavBar@5cbe877d]" started-at="2021-08-22T17:17:21 IST" name="validateNavBar" finished-at="2021-08-22T17:17:22 IST" duration-ms="1108" status="PASS">
          <reporter-output>
          </reporter-output>
        </test-method> <!-- validateNavBar -->
        <test-method is-config="true" signature="tearoutBrowser()[pri:0, instance:E2EProject.ValidatingNavBar@5cbe877d]" started-at="2021-08-22T17:17:22 IST" name="tearoutBrowser" finished-at="2021-08-22T17:17:24 IST" duration-ms="1516" status="PASS">
          <reporter-output>
          </reporter-output>
        </test-method> <!-- tearoutBrowser -->
      </class> <!-- E2EProject.ValidatingNavBar -->
    </test> <!-- Validate NavBar -->
    <test started-at="2021-08-22T17:15:52 IST" name="Validate Title" finished-at="2021-08-22T17:17:29 IST" duration-ms="97034">
      <class name="E2EProject.validateTitle">
        <test-method is-config="true" signature="initialization()[pri:0, instance:E2EProject.validateTitle@4bff64c2]" started-at="2021-08-22T17:15:52 IST" name="initialization" finished-at="2021-08-22T17:17:21 IST" duration-ms="89152" status="PASS">
          <reporter-output>
          </reporter-output>
        </test-method> <!-- initialization -->
        <test-method signature="validateTitle()[pri:0, instance:E2EProject.validateTitle@4bff64c2]" started-at="2021-08-22T17:17:21 IST" name="validateTitle" finished-at="2021-08-22T17:17:22 IST" duration-ms="1411" status="FAIL">
          <exception class="java.lang.AssertionError">
            <message>
              <![CDATA[expected [FEATURED COURSES23] but found [FEATURED COURSES]]]>
            </message>
            <full-stacktrace>
              <![CDATA[java.lang.AssertionError: expected [FEATURED COURSES23] but found [FEATURED COURSES]
at org.testng.Assert.fail(Assert.java:99)
at org.testng.Assert.failNotEquals(Assert.java:1037)
at org.testng.Assert.assertEqualsImpl(Assert.java:140)
at org.testng.Assert.assertEquals(Assert.java:122)
at org.testng.Assert.assertEquals(Assert.java:629)
at org.testng.Assert.assertEquals(Assert.java:639)
at E2EProject.validateTitle.validateTitle(validateTitle.java:38)
at java.base/jdk.internal.reflect.NativeMethodAccessorImpl.invoke0(Native Method)
at java.base/jdk.internal.reflect.NativeMethodAccessorImpl.invoke(NativeMethodAccessorImpl.java:62)
at java.base/jdk.internal.reflect.DelegatingMethodAccessorImpl.invoke(DelegatingMethodAccessorImpl.java:43)
at java.base/java.lang.reflect.Method.invoke(Method.java:564)
at org.testng.internal.MethodInvocationHelper.invokeMethod(MethodInvocationHelper.java:133)
at org.testng.internal.TestInvoker.invokeMethod(TestInvoker.java:598)
at org.testng.internal.TestInvoker.invokeTestMethod(TestInvoker.java:173)
at org.testng.internal.MethodRunner.runInSequence(MethodRunner.java:46)
at org.testng.internal.TestInvoker$MethodInvocationAgent.invoke(TestInvoker.java:824)
at org.testng.internal.TestInvoker.invokeTestMethods(TestInvoker.java:146)
at org.testng.internal.TestMethodWorker.invokeTestMethods(TestMethodWorker.java:146)
at org.testng.internal.TestMethodWorker.run(TestMethodWorker.java:128)
at java.base/java.util.ArrayList.forEach(ArrayList.java:1511)
at org.testng.TestRunner.privateRun(TestRunner.java:794)
at org.testng.TestRunner.run(TestRunner.java:596)
at org.testng.SuiteRunner.runTest(SuiteRunner.java:377)
at org.testng.SuiteRunner.access$000(SuiteRunner.java:28)
at org.testng.SuiteRunner$SuiteWorker.run(SuiteRunner.java:418)
at org.testng.internal.thread.ThreadUtil.lambda$execute$0(ThreadUtil.java:64)
at java.base/java.util.concurrent.FutureTask.run(FutureTask.java:264)
at java.base/java.util.concurrent.ThreadPoolExecutor.runWorker(ThreadPoolExecutor.java:1130)
at java.base/java.util.concurrent.ThreadPoolExecutor$Worker.run(ThreadPoolExecutor.java:630)
at java.base/java.lang.Thread.run(Thread.java:832)
]]>
            </full-stacktrace>
          </exception> <!-- java.lang.AssertionError -->
          <reporter-output>
          </reporter-output>
        </test-method> <!-- validateTitle -->
        <test-method is-config="true" signature="tearoutBrowser()[pri:0, instance:E2EProject.validateTitle@4bff64c2]" started-at="2021-08-22T17:17:27 IST" name="tearoutBrowser" finished-at="2021-08-22T17:17:29 IST" duration-ms="1178" status="PASS">
          <reporter-output>
          </reporter-output>
        </test-method> <!-- tearoutBrowser -->
      </class> <!-- E2EProject.validateTitle -->
    </test> <!-- Validate Title -->
    <test started-at="2021-08-22T17:15:52 IST" name="Validate Login" finished-at="2021-08-22T17:17:39 IST" duration-ms="107566">
      <class name="E2EProject.HomePage">
        <test-method is-config="true" signature="initialization()[pri:0, instance:E2EProject.HomePage@7cbc3762]" started-at="2021-08-22T17:15:52 IST" name="initialization" finished-at="2021-08-22T17:17:21 IST" duration-ms="89344" status="PASS">
          <reporter-output>
          </reporter-output>
        </test-method> <!-- initialization -->
        <test-method signature="basePageNavigation(java.lang.String,java.lang.String)[pri:0, instance:E2EProject.HomePage@7cbc3762]" started-at="2021-08-22T17:17:21 IST" name="basePageNavigation" data-provider="getData" finished-at="2021-08-22T17:17:33 IST" duration-ms="11762" status="PASS">
          <params>
            <param index="0">
              <value>
                <![CDATA[unrestricteduser@gmail.com]]>
              </value>
            </param>
            <param index="1">
              <value>
                <![CDATA[123456]]>
              </value>
            </param>
          </params>
          <reporter-output>
          </reporter-output>
        </test-method> <!-- basePageNavigation -->
        <test-method signature="basePageNavigation(java.lang.String,java.lang.String)[pri:0, instance:E2EProject.HomePage@7cbc3762]" started-at="2021-08-22T17:17:33 IST" name="basePageNavigation" data-provider="getData" finished-at="2021-08-22T17:17:39 IST" duration-ms="6306" status="PASS">
          <params>
            <param index="0">
              <value>
                <![CDATA[restricteduser@gmail.com]]>
              </value>
            </param>
            <param index="1">
              <value>
                <![CDATA[123456]]>
              </value>
            </param>
          </params>
          <reporter-output>
          </reporter-output>
        </test-method> <!-- basePageNavigation -->
        <test-method is-config="true" signature="tearoutBrowser()[pri:0, instance:E2EProject.HomePage@7cbc3762]" started-at="2021-08-22T17:17:39 IST" name="tearoutBrowser" finished-at="2021-08-22T17:17:39 IST" duration-ms="133" status="PASS">
          <reporter-output>
          </reporter-output>
        </test-method> <!-- tearoutBrowser -->
      </class> <!-- E2EProject.HomePage -->
    </test> <!-- Validate Login -->
  </suite> <!-- Suite -->
</testng-results>
